<?xml version="1.0" encoding="UTF-8"?>
<!-- Generated by org.testng.reporters.JUnitXMLReporter -->
<testsuite hostname="RSLPTP1013" ignored="0" name="hubspot test chrome" tests="3" failures="0" timestamp="20 Aug 2020 19:07:06 GMT" time="92.709" errors="0">
  <testcase name="verifyLoginPageTitleTest" time="1.865" classname="com.testPage.LoginPageTest"/>
  <testcase name="verifyLoginPageHeaderTest" time="1.636" classname="com.testPage.LoginPageTest"/>
  <testcase name="verifyValidLoginTest" time="17.301" classname="com.testPage.LoginPageTest"/>
</testsuite> <!-- hubspot test chrome -->
