<?xml version="1.0" encoding="UTF-8"?>
<!-- Generated by org.testng.reporters.JUnitXMLReporter -->
<testsuite hostname="RSLPTP1013" ignored="0" name="hubspot test firefox" tests="3" failures="1" timestamp="20 Aug 2020 19:07:42 GMT" time="129.546" errors="0">
  <testcase name="verifyLoginPageTitleTest" time="0.143" classname="com.testPage.LoginPageTest"/>
  <testcase name="verifyLoginPageHeaderTest" time="1.286" classname="com.testPage.LoginPageTest">
    <failure type="java.lang.NullPointerException">
      <![CDATA[java.lang.NullPointerException
at com.myPages.BasePage.getPageHeader(BasePage.java:28)
at com.myPages.LoginPage.getLoginPageHeader(LoginPage.java:42)
at com.testPage.LoginPageTest.verifyLoginPageHeaderTest(LoginPageTest.java:42)
at sun.reflect.NativeMethodAccessorImpl.invoke0(Native Method)
at sun.reflect.NativeMethodAccessorImpl.invoke(NativeMethodAccessorImpl.java:62)
at sun.reflect.DelegatingMethodAccessorImpl.invoke(DelegatingMethodAccessorImpl.java:43)
at java.lang.reflect.Method.invoke(Method.java:498)
at org.testng.internal.MethodInvocationHelper.invokeMethod(MethodInvocationHelper.java:124)
at org.testng.internal.Invoker.invokeMethod(Invoker.java:583)
at org.testng.internal.Invoker.invokeTestMethod(Invoker.java:719)
at org.testng.internal.Invoker.invokeTestMethods(Invoker.java:989)
at org.testng.internal.TestMethodWorker.invokeTestMethods(TestMethodWorker.java:125)
at org.testng.internal.TestMethodWorker.run(TestMethodWorker.java:109)
at java.util.concurrent.ThreadPoolExecutor.runWorker(ThreadPoolExecutor.java:1149)
at java.util.concurrent.ThreadPoolExecutor$Worker.run(ThreadPoolExecutor.java:624)
at java.lang.Thread.run(Thread.java:748)
]]>
    </failure>
  </testcase> <!-- verifyLoginPageHeaderTest -->
  <testcase name="verifyValidLoginTest" time="18.219" classname="com.testPage.LoginPageTest"/>
</testsuite> <!-- hubspot test firefox -->
