<?xml version="1.0" encoding="UTF-8"?>
<!-- Generated by org.testng.reporters.JUnitXMLReporter -->
<testsuite hostname="RSLPTP1013" ignored="0" name="hubspot test firefox" tests="3" failures="0" timestamp="22 Aug 2020 16:33:07 GMT" time="97.199" errors="0">
  <testcase name="verifyLoginPageTitleTest" time="0.061" classname="com.testPage.LoginPageTest"/>
  <testcase name="verifyLoginPageHeaderTest" time="0.282" classname="com.testPage.LoginPageTest"/>
  <testcase name="verifyValidLoginTest" time="13.749" classname="com.testPage.LoginPageTest"/>
</testsuite> <!-- hubspot test firefox -->
