<?xml version="1.0" encoding="UTF-8"?>
<!-- Generated by org.testng.reporters.JUnitXMLReporter -->
<testsuite hostname="RSLPTP1013" ignored="0" name="hubspot test ChromeFirefox" tests="3" failures="0" timestamp="20 Aug 2020 20:18:37 GMT" time="250.958" errors="0">
  <testcase name="verifyLoginPageTitleTest" time="0.123" classname="com.testPage.LoginPageTest"/>
  <testcase name="verifyLoginPageHeaderTest" time="3.378" classname="com.testPage.LoginPageTest"/>
  <testcase name="verifyValidLoginTest" time="14.264" classname="com.testPage.LoginPageTest"/>
</testsuite> <!-- hubspot test ChromeFirefox -->
